<?xml version="1.0" encoding="UTF-8"?>
<!-- Generated by org.testng.reporters.JUnitReportReporter -->
<testsuite hostname="Alekyas-MacBook-Air.local" failures="0" tests="4" name="APITesting.ReqresAPI" time="4.837" errors="0" timestamp="2024-09-04T12:28:43 IST" skipped="0">
  <testcase classname="APITesting.ReqresAPI" name="create" time="0.611"/>
  <system-out/>
  <testcase classname="APITesting.ReqresAPI" name="create2" time="0.457"/>
  <system-out/>
  <testcase classname="APITesting.ReqresAPI" name="Tc1" time="3.765"/>
  <system-out/>
  <testcase classname="APITesting.ReqresAPI" name="Tc2" time="0.004"/>
  <system-out/>
</testsuite> <!-- APITesting.ReqresAPI -->
