<?xml version="1.0" encoding="UTF-8"?>
<!-- Generated by org.testng.reporters.JUnitReportReporter -->
<testsuite hostname="Alekyas-MacBook-Air.local" failures="0" tests="5" name="APITesting.HOOKSSS" time="9.326" errors="0" timestamp="2024-09-09T16:04:03 IST" skipped="0">
  <testcase classname="APITesting.HOOKSSS" name="DeleteHookbyID" time="4.377"/>
  <system-out/>
  <testcase classname="APITesting.HOOKSSS" name="GetahookbyID" time="2.188"/>
  <system-out/>
  <testcase classname="APITesting.HOOKSSS" name="SchedulaAHook" time="0.910"/>
  <system-out/>
  <testcase classname="APITesting.HOOKSSS" name="UpdateHook" time="0.833"/>
  <system-out/>
  <testcase classname="APITesting.HOOKSSS" name="GetHooks" time="1.018"/>
  <system-out/>
</testsuite> <!-- APITesting.HOOKSSS -->
